----------------------------------------------------------------------------------------------
      name:  <unnamed>
       log:  /Users/uddhav/Desktop/Undergrad Thesis/Banks-NPAs/Stata/Branches/branch.log
  log type:  text
 opened on:  26 Aug 2025, 20:53:34

. drop _all

. *Import csv
. import delimited "Clean Data/branch_all.csv"
(encoding automatically selected: UTF-8)
(13 vars, 121,040 obs)

. save "Stata/Branches/branch_all.dta", replace
file Stata/Branches/branch_all.dta saved

. *Load data
. use "Stata/Branches/branch_all.dta", clear

. *dropping first row as it's col names
. drop if v1 == .
(0 observations deleted)

. *Dropping variable with no info
. drop v1

. *sorting data
. order bank district city state

. sort bank

. save "Stata/Branches/branch_all.dta", replace
file Stata/Branches/branch_all.dta saved

. 
end of do-file

. do "/var/folders/5b/jc4253hj4rl3y0jlxy2y3trm0000gn/T//SD37844.000000"

. cd "/Users/uddhav/Desktop/Undergrad Thesis/Banks-NPAs"
/Users/uddhav/Desktop/Undergrad Thesis/Banks-NPAs

. *log close
. log using "Stata/Branches/region.log", replace
log file already open
r(604);

end of do-file

r(604);

. log close
      name:  <unnamed>
       log:  /Users/uddhav/Desktop/Undergrad Thesis/Banks-NPAs/Stata/Branches/branch.log
  log type:  text
 closed on:  26 Aug 2025, 21:00:08
----------------------------------------------------------------------------------------------
